[debug] [2023-03-04T03:59:15.345Z] ----------------------------------------------------------------------
[debug] [2023-03-04T03:59:15.347Z] Command:       /usr/local/share/nvm/versions/node/v19.6.0/bin/node /home/codespace/nvm/current/bin/firebase login
[debug] [2023-03-04T03:59:15.347Z] CLI Version:   11.24.0
[debug] [2023-03-04T03:59:15.347Z] Platform:      linux
[debug] [2023-03-04T03:59:15.347Z] Node Version:  v19.6.0
[debug] [2023-03-04T03:59:15.347Z] Time:          Sat Mar 04 2023 03:59:15 GMT+0000 (Coordinated Universal Time)
[debug] [2023-03-04T03:59:15.348Z] Env Overrides: GITHUB_API_URL
[debug] [2023-03-04T03:59:15.348Z] ----------------------------------------------------------------------
[debug] 
[info] i  Firebase optionally collects CLI and Emulator Suite usage and error reporting information to help improve our products. Data is collected in accordance with Google's privacy policy (https://policies.google.com/privacy) and is not used to identify you.
 
[info] i  To change your data collection preference at any time, run `firebase logout` and log in again. 
[debug] [2023-03-04T03:59:18.513Z] >>> [apiv2][query] POST https://auth.firebase.tools/attest [none]
[debug] [2023-03-04T03:59:18.514Z] >>> [apiv2][body] POST https://auth.firebase.tools/attest {"session_id":"f4dc2db9-ff37-4f3e-91bc-2746dbf9c297"}
[debug] [2023-03-04T03:59:19.011Z] <<< [apiv2][status] POST https://auth.firebase.tools/attest 200
[debug] [2023-03-04T03:59:19.011Z] <<< [apiv2][body] POST https://auth.firebase.tools/attest {"token":"8iONauDv9scfzgFypGLC4Bzp81waLM9Y8-qJtTdVZoU"}
[info] 
[info] To sign in to the Firebase CLI:
[info] 
[info] 1. Take note of your session ID:
[info] 
[info]    F4DC2
[info] 
[info] 2. Visit the URL below on any device and follow the instructions to get your code:
[info] 
[info]    https://auth.firebase.tools/login?code_challenge=xU0W9OUQqrULpvna95R5-tBVjU3TZOjy1VdO83QgbeM&session=f4dc2db9-ff37-4f3e-91bc-2746dbf9c297&attest=8iONauDv9scfzgFypGLC4Bzp81waLM9Y8-qJtTdVZoU
[info] 
[info] 3. Paste or enter the authorization code below once you have it:
[info] 
