[debug] [2023-03-04T23:51:48.165Z] ----------------------------------------------------------------------
[debug] [2023-03-04T23:51:48.167Z] Command:       /usr/local/share/nvm/versions/node/v19.6.0/bin/node /home/codespace/nvm/current/bin/firebase init
[debug] [2023-03-04T23:51:48.168Z] CLI Version:   11.24.0
[debug] [2023-03-04T23:51:48.168Z] Platform:      linux
[debug] [2023-03-04T23:51:48.168Z] Node Version:  v19.6.0
[debug] [2023-03-04T23:51:48.168Z] Time:          Sat Mar 04 2023 23:51:48 GMT+0000 (Coordinated Universal Time)
[debug] [2023-03-04T23:51:48.168Z] Env Overrides: GITHUB_API_URL
[debug] [2023-03-04T23:51:48.168Z] ----------------------------------------------------------------------
[debug] 
[debug] [2023-03-04T23:51:48.173Z] > command requires scopes: ["email","openid","https://www.googleapis.com/auth/cloudplatformprojects.readonly","https://www.googleapis.com/auth/firebase","https://www.googleapis.com/auth/cloud-platform"]
[debug] [2023-03-04T23:51:48.174Z] > authorizing via signed-in user (takaoka.railway.jp@gmail.com)
[info] 
     ######## #### ########  ######## ########     ###     ######  ########
     ##        ##  ##     ## ##       ##     ##  ##   ##  ##       ##
     ######    ##  ########  ######   ########  #########  ######  ######
     ##        ##  ##    ##  ##       ##     ## ##     ##       ## ##
     ##       #### ##     ## ######## ########  ##     ##  ######  ########

You're about to initialize a Firebase project in this directory:

  /workspaces/potal.sirokuma-train/ja-JP

Before we get started, keep in mind:

  * You are currently outside your home directory

[info] 
=== Project Setup
[info] 
[info] First, let's associate this project directory with a Firebase project.
[info] You can create multiple project aliases by running firebase use --add, 
[info] but for now we'll just set up a default project.
[info] 
[debug] [2023-03-04T23:51:55.588Z] >>> [apiv2][query] GET https://firebase.googleapis.com/v1beta1/projects pageSize=100
[debug] [2023-03-04T23:51:56.504Z] <<< [apiv2][status] GET https://firebase.googleapis.com/v1beta1/projects 200
[debug] [2023-03-04T23:51:56.505Z] <<< [apiv2][body] GET https://firebase.googleapis.com/v1beta1/projects [omitted]
[info] i  Using project potal-sirokuma (sirokuma-potal-train) 
[info] 
=== Database Setup
[info] i  database: ensuring required API firebasedatabase.googleapis.com is enabled... 
[debug] [2023-03-04T23:54:01.403Z] >>> [apiv2][query] GET https://serviceusage.googleapis.com/v1/projects/potal-sirokuma/services/firebasedatabase.googleapis.com [none]
[debug] [2023-03-04T23:54:01.403Z] >>> [apiv2][(partial)header] GET https://serviceusage.googleapis.com/v1/projects/potal-sirokuma/services/firebasedatabase.googleapis.com x-goog-quota-user=projects/potal-sirokuma
[debug] [2023-03-04T23:54:02.847Z] <<< [apiv2][status] GET https://serviceusage.googleapis.com/v1/projects/potal-sirokuma/services/firebasedatabase.googleapis.com 200
[debug] [2023-03-04T23:54:02.847Z] <<< [apiv2][body] GET https://serviceusage.googleapis.com/v1/projects/potal-sirokuma/services/firebasedatabase.googleapis.com [omitted]
[info] ✔  database: required API firebasedatabase.googleapis.com is enabled 
[info] 
[debug] [2023-03-04T23:54:02.848Z] >>> [apiv2][query] GET https://firebasedatabase.googleapis.com/v1beta/projects/potal-sirokuma/locations/-/instances/potal-sirokuma-default-rtdb [none]
[debug] [2023-03-04T23:54:03.337Z] <<< [apiv2][status] GET https://firebasedatabase.googleapis.com/v1beta/projects/potal-sirokuma/locations/-/instances/potal-sirokuma-default-rtdb 200
[debug] [2023-03-04T23:54:03.337Z] <<< [apiv2][body] GET https://firebasedatabase.googleapis.com/v1beta/projects/potal-sirokuma/locations/-/instances/potal-sirokuma-default-rtdb {"name":"projects/803609890537/locations/asia-southeast1/instances/potal-sirokuma-default-rtdb","project":"projects/803609890537","databaseUrl":"https://potal-sirokuma-default-rtdb.asia-southeast1.firebasedatabase.app","type":"DEFAULT_DATABASE","state":"ACTIVE"}
[info] 
[info] Firebase Realtime Database Security Rules allow you to define how your data should be
[info] structured and when your data can be read from and written to.
[info] 
[info] Skipping overwrite of Realtime Database Security Rules.
[info] The security rules defined in database.rules.json will be published when you run firebase deploy.
[info] 
=== Firestore Setup
[debug] [2023-03-04T23:55:23.371Z] >>> [apiv2][query] GET https://serviceusage.googleapis.com/v1/projects/potal-sirokuma/services/firestore.googleapis.com [none]
[debug] [2023-03-04T23:55:23.371Z] >>> [apiv2][(partial)header] GET https://serviceusage.googleapis.com/v1/projects/potal-sirokuma/services/firestore.googleapis.com x-goog-quota-user=projects/potal-sirokuma
[debug] [2023-03-04T23:55:24.779Z] <<< [apiv2][status] GET https://serviceusage.googleapis.com/v1/projects/potal-sirokuma/services/firestore.googleapis.com 200
[debug] [2023-03-04T23:55:24.779Z] <<< [apiv2][body] GET https://serviceusage.googleapis.com/v1/projects/potal-sirokuma/services/firestore.googleapis.com [omitted]
[debug] [2023-03-04T23:55:24.779Z] >>> [apiv2][query] GET https://firestore.googleapis.com/v1/projects/potal-sirokuma/databases/(default) [none]
[debug] [2023-03-04T23:55:25.351Z] <<< [apiv2][status] GET https://firestore.googleapis.com/v1/projects/potal-sirokuma/databases/(default) 200
[debug] [2023-03-04T23:55:25.351Z] <<< [apiv2][body] GET https://firestore.googleapis.com/v1/projects/potal-sirokuma/databases/(default) {"name":"projects/potal-sirokuma/databases/(default)","uid":"363ae0df-540c-4d56-a17c-fa4a1a60b710","createTime":"2023-03-04T23:50:50.828071Z","updateTime":"2023-03-04T23:50:50.828071Z","locationId":"asia-northeast1","type":"FIRESTORE_NATIVE","concurrencyMode":"PESSIMISTIC","appEngineIntegrationMode":"DISABLED","keyPrefix":"b","etag":"IPPmud28w/0CMKfayNq7w/0C"}
[debug] [2023-03-04T23:55:25.351Z] database_type: FIRESTORE_NATIVE
[debug] [2023-03-04T23:55:25.352Z] > command requires scopes: ["email","openid","https://www.googleapis.com/auth/cloudplatformprojects.readonly","https://www.googleapis.com/auth/firebase","https://www.googleapis.com/auth/cloud-platform"]
[debug] [2023-03-04T23:55:25.352Z] > authorizing via signed-in user (takaoka.railway.jp@gmail.com)
[debug] [2023-03-04T23:55:25.352Z] [iam] checking project potal-sirokuma for permissions ["firebase.projects.get"]
[debug] [2023-03-04T23:55:25.353Z] >>> [apiv2][query] POST https://cloudresourcemanager.googleapis.com/v1/projects/potal-sirokuma:testIamPermissions [none]
[debug] [2023-03-04T23:55:25.353Z] >>> [apiv2][(partial)header] POST https://cloudresourcemanager.googleapis.com/v1/projects/potal-sirokuma:testIamPermissions x-goog-quota-user=projects/potal-sirokuma
[debug] [2023-03-04T23:55:25.353Z] >>> [apiv2][body] POST https://cloudresourcemanager.googleapis.com/v1/projects/potal-sirokuma:testIamPermissions {"permissions":["firebase.projects.get"]}
[debug] [2023-03-04T23:55:26.354Z] <<< [apiv2][status] POST https://cloudresourcemanager.googleapis.com/v1/projects/potal-sirokuma:testIamPermissions 200
[debug] [2023-03-04T23:55:26.355Z] <<< [apiv2][body] POST https://cloudresourcemanager.googleapis.com/v1/projects/potal-sirokuma:testIamPermissions {"permissions":["firebase.projects.get"]}
[info] 
[info] Firestore Security Rules allow you to define how and when to allow
[info] requests. You can keep these rules in your project directory
[info] and publish them with firebase deploy.
[info] 
[debug] [2023-03-04T23:57:03.498Z] >>> [apiv2][query] GET https://firebaserules.googleapis.com/v1/projects/potal-sirokuma/releases pageSize=10&pageToken=
[debug] [2023-03-04T23:57:04.889Z] <<< [apiv2][status] GET https://firebaserules.googleapis.com/v1/projects/potal-sirokuma/releases 200
[debug] [2023-03-04T23:57:04.889Z] <<< [apiv2][body] GET https://firebaserules.googleapis.com/v1/projects/potal-sirokuma/releases {"releases":[{"name":"projects/potal-sirokuma/releases/cloud.firestore","rulesetName":"projects/potal-sirokuma/rulesets/906e1bab-31bb-47c7-9e1d-7668a683a60c","createTime":"2023-03-04T23:50:58.938484Z","updateTime":"2023-03-04T23:50:58.938484Z"}]}
[debug] [2023-03-04T23:57:04.889Z] Found ruleset: projects/potal-sirokuma/rulesets/906e1bab-31bb-47c7-9e1d-7668a683a60c
[debug] [2023-03-04T23:57:04.890Z] >>> [apiv2][query] GET https://firebaserules.googleapis.com/v1/projects/potal-sirokuma/rulesets/906e1bab-31bb-47c7-9e1d-7668a683a60c [none]
[debug] [2023-03-04T23:57:06.223Z] <<< [apiv2][status] GET https://firebaserules.googleapis.com/v1/projects/potal-sirokuma/rulesets/906e1bab-31bb-47c7-9e1d-7668a683a60c 200
[debug] [2023-03-04T23:57:06.223Z] <<< [apiv2][body] GET https://firebaserules.googleapis.com/v1/projects/potal-sirokuma/rulesets/906e1bab-31bb-47c7-9e1d-7668a683a60c [omitted]
[info] 
[info] Firestore indexes allow you to perform complex queries while
[info] maintaining performance that scales with the size of the result
[info] set. You can keep index definitions in your project directory
[info] and publish them with firebase deploy.
[info] 
[debug] [2023-03-04T23:59:50.510Z] >>> [apiv2][query] GET https://firestore.googleapis.com/v1/projects/potal-sirokuma/databases/(default)/collectionGroups/-/indexes [none]
[debug] [2023-03-04T23:59:50.513Z] >>> [apiv2][query] GET https://firestore.googleapis.com/v1/projects/potal-sirokuma/databases/(default)/collectionGroups/-/fields?filter=indexConfig.usesAncestorConfig=false OR ttlConfig:* [none]
[debug] [2023-03-04T23:59:51.054Z] <<< [apiv2][status] GET https://firestore.googleapis.com/v1/projects/potal-sirokuma/databases/(default)/collectionGroups/-/indexes 200
[debug] [2023-03-04T23:59:51.054Z] <<< [apiv2][body] GET https://firestore.googleapis.com/v1/projects/potal-sirokuma/databases/(default)/collectionGroups/-/indexes {}
[debug] [2023-03-04T23:59:52.160Z] <<< [apiv2][status] GET https://firestore.googleapis.com/v1/projects/potal-sirokuma/databases/(default)/collectionGroups/-/fields?filter=indexConfig.usesAncestorConfig=false OR ttlConfig:* 200
[debug] [2023-03-04T23:59:52.160Z] <<< [apiv2][body] GET https://firestore.googleapis.com/v1/projects/potal-sirokuma/databases/(default)/collectionGroups/-/fields?filter=indexConfig.usesAncestorConfig=false OR ttlConfig:* {"fields":[{"name":"projects/potal-sirokuma/databases/(default)/collectionGroups/__default__/fields/*","indexConfig":{"indexes":[{"queryScope":"COLLECTION","fields":[{"fieldPath":"*","order":"ASCENDING"}],"state":"READY"},{"queryScope":"COLLECTION","fields":[{"fieldPath":"*","order":"DESCENDING"}],"state":"READY"},{"queryScope":"COLLECTION","fields":[{"fieldPath":"*","arrayConfig":"CONTAINS"}],"state":"READY"}]}}]}
[info] 
=== Functions Setup
[debug] [2023-03-04T23:59:52.161Z] > command requires scopes: ["email","openid","https://www.googleapis.com/auth/cloudplatformprojects.readonly","https://www.googleapis.com/auth/firebase","https://www.googleapis.com/auth/cloud-platform"]
[debug] [2023-03-04T23:59:52.161Z] > authorizing via signed-in user (takaoka.railway.jp@gmail.com)
[debug] [2023-03-04T23:59:52.161Z] [iam] checking project potal-sirokuma for permissions ["firebase.projects.get"]
[debug] [2023-03-04T23:59:52.162Z] >>> [apiv2][query] POST https://cloudresourcemanager.googleapis.com/v1/projects/potal-sirokuma:testIamPermissions [none]
[debug] [2023-03-04T23:59:52.162Z] >>> [apiv2][(partial)header] POST https://cloudresourcemanager.googleapis.com/v1/projects/potal-sirokuma:testIamPermissions x-goog-quota-user=projects/potal-sirokuma
[debug] [2023-03-04T23:59:52.162Z] >>> [apiv2][body] POST https://cloudresourcemanager.googleapis.com/v1/projects/potal-sirokuma:testIamPermissions {"permissions":["firebase.projects.get"]}
[debug] [2023-03-04T23:59:53.143Z] <<< [apiv2][status] POST https://cloudresourcemanager.googleapis.com/v1/projects/potal-sirokuma:testIamPermissions 200
[debug] [2023-03-04T23:59:53.143Z] <<< [apiv2][body] POST https://cloudresourcemanager.googleapis.com/v1/projects/potal-sirokuma:testIamPermissions {"permissions":["firebase.projects.get"]}
[debug] [2023-03-04T23:59:53.143Z] >>> [apiv2][query] GET https://serviceusage.googleapis.com/v1/projects/potal-sirokuma/services/cloudfunctions.googleapis.com [none]
[debug] [2023-03-04T23:59:53.144Z] >>> [apiv2][(partial)header] GET https://serviceusage.googleapis.com/v1/projects/potal-sirokuma/services/cloudfunctions.googleapis.com x-goog-quota-user=projects/potal-sirokuma
[debug] [2023-03-04T23:59:53.146Z] >>> [apiv2][query] GET https://serviceusage.googleapis.com/v1/projects/potal-sirokuma/services/runtimeconfig.googleapis.com [none]
[debug] [2023-03-04T23:59:53.146Z] >>> [apiv2][(partial)header] GET https://serviceusage.googleapis.com/v1/projects/potal-sirokuma/services/runtimeconfig.googleapis.com x-goog-quota-user=projects/potal-sirokuma
[debug] [2023-03-04T23:59:54.541Z] <<< [apiv2][status] GET https://serviceusage.googleapis.com/v1/projects/potal-sirokuma/services/cloudfunctions.googleapis.com 200
[debug] [2023-03-04T23:59:54.541Z] <<< [apiv2][body] GET https://serviceusage.googleapis.com/v1/projects/potal-sirokuma/services/cloudfunctions.googleapis.com [omitted]
[debug] [2023-03-04T23:59:54.542Z] >>> [apiv2][query] POST https://serviceusage.googleapis.com/v1/projects/potal-sirokuma/services/cloudfunctions.googleapis.com:enable [none]
[debug] [2023-03-04T23:59:54.542Z] >>> [apiv2][(partial)header] POST https://serviceusage.googleapis.com/v1/projects/potal-sirokuma/services/cloudfunctions.googleapis.com:enable x-goog-quota-user=projects/potal-sirokuma
[debug] [2023-03-04T23:59:54.546Z] <<< [apiv2][status] GET https://serviceusage.googleapis.com/v1/projects/potal-sirokuma/services/runtimeconfig.googleapis.com 200
[debug] [2023-03-04T23:59:54.546Z] <<< [apiv2][body] GET https://serviceusage.googleapis.com/v1/projects/potal-sirokuma/services/runtimeconfig.googleapis.com [omitted]
[debug] [2023-03-04T23:59:56.045Z] <<< [apiv2][status] POST https://serviceusage.googleapis.com/v1/projects/potal-sirokuma/services/cloudfunctions.googleapis.com:enable 200
[debug] [2023-03-04T23:59:56.045Z] <<< [apiv2][body] POST https://serviceusage.googleapis.com/v1/projects/potal-sirokuma/services/cloudfunctions.googleapis.com:enable [omitted]
[debug] [2023-03-05T00:00:06.051Z] >>> [apiv2][query] GET https://serviceusage.googleapis.com/v1/projects/potal-sirokuma/services/cloudfunctions.googleapis.com [none]
[debug] [2023-03-05T00:00:06.051Z] >>> [apiv2][(partial)header] GET https://serviceusage.googleapis.com/v1/projects/potal-sirokuma/services/cloudfunctions.googleapis.com x-goog-quota-user=projects/potal-sirokuma
[debug] [2023-03-05T00:00:07.544Z] <<< [apiv2][status] GET https://serviceusage.googleapis.com/v1/projects/potal-sirokuma/services/cloudfunctions.googleapis.com 200
[debug] [2023-03-05T00:00:07.544Z] <<< [apiv2][body] GET https://serviceusage.googleapis.com/v1/projects/potal-sirokuma/services/cloudfunctions.googleapis.com [omitted]
[info] Let's create a new codebase for your functions.
[info] A directory corresponding to the codebase will be created in your project
[info] with sample code pre-configured.

[info] See https://firebase.google.com/docs/functions/organize-functions for
[info] more information on organizing your functions using codebases.

[info] Functions can be deployed with firebase deploy.

[info] ✔  Wrote functions/package.json 
[info] ✔  Wrote functions/index.js 
[info] ✔  Wrote functions/.gitignore 
